<?xml version="1.0" encoding="UTF-8"?>
<!-- Generated by org.testng.reporters.JUnitReportReporter -->
<testsuite skipped="0" hostname="DESKTOP-6AVQDCU" name="com.dotDash.DotDash.Test1" tests="1" failures="0" timestamp="2020-09-11T18:44:31 EDT" time="162.814" errors="0">
  <testcase name="iFrame" time="162.814" classname="com.dotDash.DotDash.Test1"/>
  <system-out/>
</testsuite> <!-- com.dotDash.DotDash.Test1 -->
